config {
  target: [ 'browserslist' ],
  stats: 'errors-warnings',
  mode: 'development',
  bail: false,
  devtool: 'cheap-module-source-map',
  entry: '/Users/Evgenii_Frolov1/projects/ketcher/example/src/index.tsx',
  output: {
    path: '/Users/Evgenii_Frolov1/projects/ketcher/example/build',
    pathinfo: true,
    filename: 'static/js/bundle.js',
    chunkFilename: 'static/js/[name].chunk.js',
    assetModuleFilename: 'static/media/[name].[hash][ext]',
    publicPath: '/',
    devtoolModuleFilenameTemplate: [Function (anonymous)]
  },
  cache: {
    type: 'filesystem',
    version: 'b99227ec410a6690150951092d606e1f',
    cacheDirectory: '/Users/Evgenii_Frolov1/projects/ketcher/example/node_modules/.cache',
    store: 'pack',
    buildDependencies: { defaultWebpack: [Array], config: [Array], tsconfig: [Array] }
  },
  infrastructureLogging: { level: 'none' },
  optimization: {
    minimize: false,
    minimizer: [ [TerserPlugin], [CssMinimizerPlugin] ]
  },
  resolve: {
    modules: [
      'node_modules',
      '/Users/Evgenii_Frolov1/projects/ketcher/example/node_modules'
    ],
    extensions: [
      '.web.mjs', '.mjs',
      '.web.js',  '.js',
      '.web.ts',  '.ts',
      '.web.tsx', '.tsx',
      '.json',    '.web.jsx',
      '.jsx'
    ],
    alias: { 'react-native': 'react-native-web' },
    plugins: [ [ModuleScopePlugin] ]
  },
  module: { strictExportPresence: true, rules: [ [Object] ] },
  plugins: [
    HtmlWebpackPlugin { userOptions: [Object], version: 5 },
    InterpolateHtmlPlugin {
      htmlWebpackPlugin: [Function],
      replacements: [Object]
    },
    ModuleNotFoundPlugin {
      appPath: '/Users/Evgenii_Frolov1/projects/ketcher/example',
      yarnLockFile: undefined,
      useYarnCommand: [Function: bound useYarnCommand],
      getRelativePath: [Function: bound getRelativePath],
      prettierError: [Function: bound prettierError]
    },
    DefinePlugin { definitions: [Object] },
    ReactRefreshPlugin { options: [Object] },
    CaseSensitivePathsPlugin {
      options: {},
      logger: [Object [console]],
      pathCache: Map(0) {},
      fsOperations: 0,
      primed: false
    },
    WebpackManifestPlugin { options: [Object] },
    IgnorePlugin {
      options: [Object],
      checkIgnore: [Function: bound checkIgnore]
    },
    ForkTsCheckerWebpackPlugin { options: [Object] },
    ESLintWebpackPlugin {
      key: 'ESLintWebpackPlugin',
      options: [Object],
      run: [Function: bound run] AsyncFunction
    },
    EnvironmentPlugin { keys: [Array], defaultValues: [Object] },
    CopyPlugin { patterns: [Array], options: {} },
    HtmlReplaceWebpackPlugin { replace: [Function (anonymous)] }
  ],
  performance: false
}
Starting the development server...

